{
  "stats": {
    "suites": 1,
    "tests": 5,
    "passes": 5,
    "pending": 0,
    "failures": 0,
    "start": "2024-01-09T21:48:45.272Z",
    "end": "2024-01-09T21:48:47.550Z",
    "duration": 2278,
    "testsRegistered": 5,
    "passPercent": 100,
    "pendingPercent": 0,
    "other": 0,
    "hasOther": false,
    "skipped": 0,
    "hasSkipped": false
  },
  "results": [
    {
      "uuid": "f1f7751f-6416-416b-923b-c14824eae97b",
      "title": "",
      "fullFile": "C:\\Users\\ilkin\\Desktop\\petstore-project-automation\\test\\test.js",
      "file": "\\test\\test.js",
      "beforeHooks": [],
      "afterHooks": [
        {
          "title": "\"after each\" hook in \"{root}\"",
          "fullTitle": "\"after each\" hook in \"{root}\"",
          "timedOut": false,
          "duration": 0,
          "state": null,
          "speed": null,
          "pass": false,
          "fail": false,
          "pending": false,
          "context": null,
          "code": "checkForUnfulfilledExpectations.call(this);\nrecordedExpects = [];",
          "err": {},
          "uuid": "19eb7df9-62ac-471d-bac1-a519c95ebc17",
          "parentUUID": "f1f7751f-6416-416b-923b-c14824eae97b",
          "isHook": true,
          "skipped": false
        }
      ],
      "tests": [],
      "suites": [
        {
          "uuid": "7e5e936d-b1a1-4995-81f5-26cf70c44e74",
          "title": "User Module",
          "fullFile": "C:\\Users\\ilkin\\Desktop\\petstore-project-automation\\test\\test.js",
          "file": "\\test\\test.js",
          "beforeHooks": [],
          "afterHooks": [],
          "tests": [
            {
              "title": "GET - GetUserInfo Invalid User",
              "fullTitle": "User Module GET - GetUserInfo Invalid User",
              "timedOut": false,
              "duration": 1622,
              "state": "passed",
              "speed": "slow",
              "pass": true,
              "fail": false,
              "pending": false,
              "context": null,
              "code": "const resBody ={\n   \"code\": 1,\n   \"type\": \"error\",\n   \"message\": \"User not found\"\n        };\n\n        const response = chakram.get(\"https://petstore.swagger.io/v2/user/test\");\n        expect(response).to.have.status(404);\n        expect(response).to.comprise.of.json(resBody); \n        expect(response).to.have.header('content-type', 'application/json'); \n        return chakram.wait();",
              "err": {},
              "uuid": "7d7e06f5-392d-4cef-aecd-b36ab7575ea4",
              "parentUUID": "7e5e936d-b1a1-4995-81f5-26cf70c44e74",
              "isHook": false,
              "skipped": false
            },
            {
              "title": "POST - CreateUser",
              "fullTitle": "User Module POST - CreateUser",
              "timedOut": false,
              "duration": 162,
              "state": "passed",
              "speed": "slow",
              "pass": true,
              "fail": false,
              "pending": false,
              "context": null,
              "code": "const resBody = {\"code\":200,\"type\":\"unknown\",\"message\":\"125125125\"};\n\n        const body = {\n   \"id\": 125125125,\n   \"username\": \"test\",\n   \"firstName\": \"ilkin\",\n   \"lastName\": \"deneme\",\n   \"email\": \"test@test.com\",\n   \"password\": \"test125\",\n   \"phone\": \"0525252525\",\n   \"userStatus\": 0\n };\n        const response = chakram.post(\"https://petstore.swagger.io/v2/user\", body);\n        expect(response).to.have.status(200);\n        expect(response).to.comprise.of.json(resBody); \n        expect(response).to.have.header('content-type', 'application/json'); \n        return chakram.wait();",
              "err": {},
              "uuid": "80ee8e98-00aa-4a23-b0fb-367eff95959a",
              "parentUUID": "7e5e936d-b1a1-4995-81f5-26cf70c44e74",
              "isHook": false,
              "skipped": false
            },
            {
              "title": "GET - GetUserInfo",
              "fullTitle": "User Module GET - GetUserInfo",
              "timedOut": false,
              "duration": 161,
              "state": "passed",
              "speed": "slow",
              "pass": true,
              "fail": false,
              "pending": false,
              "context": null,
              "code": "const resBody = {\n   \"id\": 125125125,\n   \"username\": \"test\",\n   \"firstName\": \"ilkin\",\n   \"lastName\": \"deneme\",\n   \"email\": \"test@test.com\",\n   \"password\": \"test125\",\n   \"phone\": \"0525252525\",\n   \"userStatus\": 0\n     };\n  const response = chakram.get(\"https://petstore.swagger.io/v2/user/test\");\n  expect(response).to.have.status(200);\n  expect(response).to.comprise.of.json(resBody);\n  expect(response).to.have.header('content-type', 'application/json'); \n  return chakram.wait();",
              "err": {},
              "uuid": "8eaf6583-2711-4443-bddd-58c3e29b1762",
              "parentUUID": "7e5e936d-b1a1-4995-81f5-26cf70c44e74",
              "isHook": false,
              "skipped": false
            },
            {
              "title": "DELETE - DeleteUser",
              "fullTitle": "User Module DELETE - DeleteUser",
              "timedOut": false,
              "duration": 160,
              "state": "passed",
              "speed": "slow",
              "pass": true,
              "fail": false,
              "pending": false,
              "context": null,
              "code": "const resBody = {\n   \"code\": 200,\n   \"type\": \"unknown\",\n   \"message\": \"test\"\n     };\n  const response = chakram.delete(\"https://petstore.swagger.io/v2/user/test\");\n  expect(response).to.have.status(200);\n  expect(response).to.comprise.of.json(resBody); \n  expect(response).to.have.header('content-type', 'application/json'); \n  return chakram.wait();",
              "err": {},
              "uuid": "b5a3b93d-9dba-4240-a8a9-6e2ea9482118",
              "parentUUID": "7e5e936d-b1a1-4995-81f5-26cf70c44e74",
              "isHook": false,
              "skipped": false
            },
            {
              "title": "PUT - UpdateUser",
              "fullTitle": "User Module PUT - UpdateUser",
              "timedOut": false,
              "duration": 160,
              "state": "passed",
              "speed": "slow",
              "pass": true,
              "fail": false,
              "pending": false,
              "context": null,
              "code": "const resBody = {\n   \"code\": 200,\n   \"type\": \"unknown\",\n   \"message\": \"125125125\"\n     };\n  const body = {\n      \"id\": 125125125,\n      \"username\": \"test1\",\n      \"firstName\": \"ilkin\",\n      \"lastName\": \"deneme\",\n      \"email\": \"test00@test.com\",\n      \"password\": \"test125\",\n      \"phone\": \"0525252525\",\n      \"userStatus\": 0\n    };\n  const response = chakram.put(\"https://petstore.swagger.io/v2/user/test1\", body);\n  expect(response).to.have.status(200);\n  expect(response).to.comprise.of.json(resBody); \n  expect(response).to.have.header('content-type', 'application/json'); \n  return chakram.wait();",
              "err": {},
              "uuid": "7ce032d7-8d0a-4b24-93ef-88f94abad4d9",
              "parentUUID": "7e5e936d-b1a1-4995-81f5-26cf70c44e74",
              "isHook": false,
              "skipped": false
            }
          ],
          "suites": [],
          "passes": [
            "7d7e06f5-392d-4cef-aecd-b36ab7575ea4",
            "80ee8e98-00aa-4a23-b0fb-367eff95959a",
            "8eaf6583-2711-4443-bddd-58c3e29b1762",
            "b5a3b93d-9dba-4240-a8a9-6e2ea9482118",
            "7ce032d7-8d0a-4b24-93ef-88f94abad4d9"
          ],
          "failures": [],
          "pending": [],
          "skipped": [],
          "duration": 2265,
          "root": false,
          "rootEmpty": false,
          "_timeout": 2000
        }
      ],
      "passes": [],
      "failures": [],
      "pending": [],
      "skipped": [],
      "duration": 0,
      "root": true,
      "rootEmpty": true,
      "_timeout": 2000
    }
  ],
  "meta": {
    "mocha": {
      "version": "10.2.0"
    },
    "mochawesome": {
      "options": {
        "quiet": false,
        "reportFilename": "mochawesome",
        "saveHtml": true,
        "saveJson": true,
        "consoleReporter": "spec",
        "useInlineDiffs": false,
        "code": true
      },
      "version": "7.1.3"
    },
    "marge": {
      "options": null,
      "version": "6.2.0"
    }
  }
}